ERROR - 2022-05-23 18:19:42 --> Unknown column 'created_at' in 'field list'
CRITICAL - 2022-05-23 18:19:42 --> Unknown column 'created_at' in 'field list'
#0 C:\xampp\htdocs\kuliah\uas\system\Database\MySQLi\Connection.php(292): mysqli->query('INSERT INTO `tb...', 0)
#1 C:\xampp\htdocs\kuliah\uas\system\Database\BaseConnection.php(670): CodeIgniter\Database\MySQLi\Connection->execute('INSERT INTO `tb...')
#2 C:\xampp\htdocs\kuliah\uas\system\Database\BaseConnection.php(598): CodeIgniter\Database\BaseConnection->simpleQuery('INSERT INTO `tb...')
#3 C:\xampp\htdocs\kuliah\uas\system\Database\BaseBuilder.php(1771): CodeIgniter\Database\BaseConnection->query('INSERT INTO `tb...', Array, false)
#4 C:\xampp\htdocs\kuliah\uas\system\Model.php(239): CodeIgniter\Database\BaseBuilder->insert()
#5 C:\xampp\htdocs\kuliah\uas\system\BaseModel.php(738): CodeIgniter\Model->doInsert(Array)
#6 C:\xampp\htdocs\kuliah\uas\system\Model.php(625): CodeIgniter\BaseModel->insert(Array, true)
#7 C:\xampp\htdocs\kuliah\uas\app\Controllers\Home.php(26): CodeIgniter\Model->insert(Array)
#8 C:\xampp\htdocs\kuliah\uas\system\CodeIgniter.php(832): App\Controllers\Home->proses_register_jb()
#9 C:\xampp\htdocs\kuliah\uas\system\CodeIgniter.php(419): CodeIgniter\CodeIgniter->runController(Object(App\Controllers\Home))
#10 C:\xampp\htdocs\kuliah\uas\system\CodeIgniter.php(326): CodeIgniter\CodeIgniter->handleRequest(NULL, Object(Config\Cache), false)
#11 C:\xampp\htdocs\kuliah\uas\public\index.php(37): CodeIgniter\CodeIgniter->run()
#12 {main}
ERROR - 2022-05-23 18:20:06 --> Unknown column 'updated_at' in 'field list'
CRITICAL - 2022-05-23 18:20:06 --> Unknown column 'updated_at' in 'field list'
#0 C:\xampp\htdocs\kuliah\uas\system\Database\MySQLi\Connection.php(292): mysqli->query('INSERT INTO `tb...', 0)
#1 C:\xampp\htdocs\kuliah\uas\system\Database\BaseConnection.php(670): CodeIgniter\Database\MySQLi\Connection->execute('INSERT INTO `tb...')
#2 C:\xampp\htdocs\kuliah\uas\system\Database\BaseConnection.php(598): CodeIgniter\Database\BaseConnection->simpleQuery('INSERT INTO `tb...')
#3 C:\xampp\htdocs\kuliah\uas\system\Database\BaseBuilder.php(1771): CodeIgniter\Database\BaseConnection->query('INSERT INTO `tb...', Array, false)
#4 C:\xampp\htdocs\kuliah\uas\system\Model.php(239): CodeIgniter\Database\BaseBuilder->insert()
#5 C:\xampp\htdocs\kuliah\uas\system\BaseModel.php(738): CodeIgniter\Model->doInsert(Array)
#6 C:\xampp\htdocs\kuliah\uas\system\Model.php(625): CodeIgniter\BaseModel->insert(Array, true)
#7 C:\xampp\htdocs\kuliah\uas\app\Controllers\Home.php(26): CodeIgniter\Model->insert(Array)
#8 C:\xampp\htdocs\kuliah\uas\system\CodeIgniter.php(832): App\Controllers\Home->proses_register_jb()
#9 C:\xampp\htdocs\kuliah\uas\system\CodeIgniter.php(419): CodeIgniter\CodeIgniter->runController(Object(App\Controllers\Home))
#10 C:\xampp\htdocs\kuliah\uas\system\CodeIgniter.php(326): CodeIgniter\CodeIgniter->handleRequest(NULL, Object(Config\Cache), false)
#11 C:\xampp\htdocs\kuliah\uas\public\index.php(37): CodeIgniter\CodeIgniter->run()
#12 {main}
ERROR - 2022-05-23 18:20:31 --> Column 'email' cannot be null
CRITICAL - 2022-05-23 18:20:31 --> Column 'email' cannot be null
#0 C:\xampp\htdocs\kuliah\uas\system\Database\MySQLi\Connection.php(292): mysqli->query('INSERT INTO `tb...', 0)
#1 C:\xampp\htdocs\kuliah\uas\system\Database\BaseConnection.php(670): CodeIgniter\Database\MySQLi\Connection->execute('INSERT INTO `tb...')
#2 C:\xampp\htdocs\kuliah\uas\system\Database\BaseConnection.php(598): CodeIgniter\Database\BaseConnection->simpleQuery('INSERT INTO `tb...')
#3 C:\xampp\htdocs\kuliah\uas\system\Database\BaseBuilder.php(1771): CodeIgniter\Database\BaseConnection->query('INSERT INTO `tb...', Array, false)
#4 C:\xampp\htdocs\kuliah\uas\system\Model.php(239): CodeIgniter\Database\BaseBuilder->insert()
#5 C:\xampp\htdocs\kuliah\uas\system\BaseModel.php(738): CodeIgniter\Model->doInsert(Array)
#6 C:\xampp\htdocs\kuliah\uas\system\Model.php(625): CodeIgniter\BaseModel->insert(Array, true)
#7 C:\xampp\htdocs\kuliah\uas\app\Controllers\Home.php(26): CodeIgniter\Model->insert(Array)
#8 C:\xampp\htdocs\kuliah\uas\system\CodeIgniter.php(832): App\Controllers\Home->proses_register_jb()
#9 C:\xampp\htdocs\kuliah\uas\system\CodeIgniter.php(419): CodeIgniter\CodeIgniter->runController(Object(App\Controllers\Home))
#10 C:\xampp\htdocs\kuliah\uas\system\CodeIgniter.php(326): CodeIgniter\CodeIgniter->handleRequest(NULL, Object(Config\Cache), false)
#11 C:\xampp\htdocs\kuliah\uas\public\index.php(37): CodeIgniter\CodeIgniter->run()
#12 {main}
CRITICAL - 2022-05-23 23:58:07 --> mime_in[userfile,image/jpeg,image/png,image/gif is not a valid rule.
#0 C:\xampp\htdocs\kuliah\uas\system\Validation\Validation.php(300): CodeIgniter\Validation\Exceptions\ValidationException::forRuleNotFound('mime_in[userfil...')
#1 C:\xampp\htdocs\kuliah\uas\system\Validation\Validation.php(157): CodeIgniter\Validation\Validation->processRules('userfile', 'userfile', NULL, Array, Array)
#2 C:\xampp\htdocs\kuliah\uas\system\Controller.php(160): CodeIgniter\Validation\Validation->run()
#3 C:\xampp\htdocs\kuliah\uas\app\Controllers\Home.php(29): CodeIgniter\Controller->validate(Array)
#4 C:\xampp\htdocs\kuliah\uas\system\CodeIgniter.php(832): App\Controllers\Home->proses_buat_jb()
#5 C:\xampp\htdocs\kuliah\uas\system\CodeIgniter.php(419): CodeIgniter\CodeIgniter->runController(Object(App\Controllers\Home))
#6 C:\xampp\htdocs\kuliah\uas\system\CodeIgniter.php(326): CodeIgniter\CodeIgniter->handleRequest(NULL, Object(Config\Cache), false)
#7 C:\xampp\htdocs\kuliah\uas\public\index.php(37): CodeIgniter\CodeIgniter->run()
#8 {main}
CRITICAL - 2022-05-23 23:58:39 --> mime_in[userfile,image/jpeg,image/png,image/gif is not a valid rule.
#0 C:\xampp\htdocs\kuliah\uas\system\Validation\Validation.php(300): CodeIgniter\Validation\Exceptions\ValidationException::forRuleNotFound('mime_in[userfil...')
#1 C:\xampp\htdocs\kuliah\uas\system\Validation\Validation.php(157): CodeIgniter\Validation\Validation->processRules('userfile', 'userfile', NULL, Array, Array)
#2 C:\xampp\htdocs\kuliah\uas\system\Controller.php(160): CodeIgniter\Validation\Validation->run()
#3 C:\xampp\htdocs\kuliah\uas\app\Controllers\Home.php(29): CodeIgniter\Controller->validate(Array)
#4 C:\xampp\htdocs\kuliah\uas\system\CodeIgniter.php(832): App\Controllers\Home->proses_buat_jb()
#5 C:\xampp\htdocs\kuliah\uas\system\CodeIgniter.php(419): CodeIgniter\CodeIgniter->runController(Object(App\Controllers\Home))
#6 C:\xampp\htdocs\kuliah\uas\system\CodeIgniter.php(326): CodeIgniter\CodeIgniter->handleRequest(NULL, Object(Config\Cache), false)
#7 C:\xampp\htdocs\kuliah\uas\public\index.php(37): CodeIgniter\CodeIgniter->run()
#8 {main}
