CRITICAL - 2022-06-16 02:20:49 --> Undefined variable: history_jb_admin
#0 C:\xampp\htdocs\project-uas-semester-4\app\Views\admin\tugas_admin.php(194): CodeIgniter\Debug\Exceptions->errorHandler(8, 'Undefined varia...', 'C:\\xampp\\htdocs...', 194, Array)
#1 C:\xampp\htdocs\project-uas-semester-4\system\View\View.php(210): include('C:\\xampp\\htdocs...')
#2 C:\xampp\htdocs\project-uas-semester-4\system\View\View.php(213): CodeIgniter\View\View->CodeIgniter\View\{closure}()
#3 C:\xampp\htdocs\project-uas-semester-4\system\Common.php(1089): CodeIgniter\View\View->render('admin/tugas_adm...', Array, true)
#4 C:\xampp\htdocs\project-uas-semester-4\app\Controllers\Admin.php(58): view('admin/tugas_adm...', Array)
#5 C:\xampp\htdocs\project-uas-semester-4\system\CodeIgniter.php(832): App\Controllers\Admin->tugas_petugas()
#6 C:\xampp\htdocs\project-uas-semester-4\system\CodeIgniter.php(419): CodeIgniter\CodeIgniter->runController(Object(App\Controllers\Admin))
#7 C:\xampp\htdocs\project-uas-semester-4\system\CodeIgniter.php(326): CodeIgniter\CodeIgniter->handleRequest(NULL, Object(Config\Cache), false)
#8 C:\xampp\htdocs\project-uas-semester-4\public\index.php(37): CodeIgniter\CodeIgniter->run()
#9 {main}
CRITICAL - 2022-06-16 02:43:53 --> Undefined variable: history_jb_petugas
#0 C:\xampp\htdocs\project-uas-semester-4\app\Views\admin\tugas_petugas.php(194): CodeIgniter\Debug\Exceptions->errorHandler(8, 'Undefined varia...', 'C:\\xampp\\htdocs...', 194, Array)
#1 C:\xampp\htdocs\project-uas-semester-4\system\View\View.php(210): include('C:\\xampp\\htdocs...')
#2 C:\xampp\htdocs\project-uas-semester-4\system\View\View.php(213): CodeIgniter\View\View->CodeIgniter\View\{closure}()
#3 C:\xampp\htdocs\project-uas-semester-4\system\Common.php(1089): CodeIgniter\View\View->render('admin/tugas_pet...', Array, true)
#4 C:\xampp\htdocs\project-uas-semester-4\app\Controllers\Admin.php(50): view('admin/tugas_pet...', Array)
#5 C:\xampp\htdocs\project-uas-semester-4\system\CodeIgniter.php(832): App\Controllers\Admin->tugas_admin()
#6 C:\xampp\htdocs\project-uas-semester-4\system\CodeIgniter.php(419): CodeIgniter\CodeIgniter->runController(Object(App\Controllers\Admin))
#7 C:\xampp\htdocs\project-uas-semester-4\system\CodeIgniter.php(326): CodeIgniter\CodeIgniter->handleRequest(NULL, Object(Config\Cache), false)
#8 C:\xampp\htdocs\project-uas-semester-4\public\index.php(37): CodeIgniter\CodeIgniter->run()
#9 {main}
CRITICAL - 2022-06-16 02:45:22 --> Undefined variable: history_jb_petugas
#0 C:\xampp\htdocs\project-uas-semester-4\app\Views\admin\tugas_petugas.php(194): CodeIgniter\Debug\Exceptions->errorHandler(8, 'Undefined varia...', 'C:\\xampp\\htdocs...', 194, Array)
#1 C:\xampp\htdocs\project-uas-semester-4\system\View\View.php(210): include('C:\\xampp\\htdocs...')
#2 C:\xampp\htdocs\project-uas-semester-4\system\View\View.php(213): CodeIgniter\View\View->CodeIgniter\View\{closure}()
#3 C:\xampp\htdocs\project-uas-semester-4\system\Common.php(1089): CodeIgniter\View\View->render('admin/tugas_pet...', Array, true)
#4 C:\xampp\htdocs\project-uas-semester-4\app\Controllers\Admin.php(50): view('admin/tugas_pet...', Array)
#5 C:\xampp\htdocs\project-uas-semester-4\system\CodeIgniter.php(832): App\Controllers\Admin->tugas_admin()
#6 C:\xampp\htdocs\project-uas-semester-4\system\CodeIgniter.php(419): CodeIgniter\CodeIgniter->runController(Object(App\Controllers\Admin))
#7 C:\xampp\htdocs\project-uas-semester-4\system\CodeIgniter.php(326): CodeIgniter\CodeIgniter->handleRequest(NULL, Object(Config\Cache), false)
#8 C:\xampp\htdocs\project-uas-semester-4\public\index.php(37): CodeIgniter\CodeIgniter->run()
#9 {main}
CRITICAL - 2022-06-16 02:45:23 --> Undefined variable: history_jb_petugas
#0 C:\xampp\htdocs\project-uas-semester-4\app\Views\admin\tugas_petugas.php(194): CodeIgniter\Debug\Exceptions->errorHandler(8, 'Undefined varia...', 'C:\\xampp\\htdocs...', 194, Array)
#1 C:\xampp\htdocs\project-uas-semester-4\system\View\View.php(210): include('C:\\xampp\\htdocs...')
#2 C:\xampp\htdocs\project-uas-semester-4\system\View\View.php(213): CodeIgniter\View\View->CodeIgniter\View\{closure}()
#3 C:\xampp\htdocs\project-uas-semester-4\system\Common.php(1089): CodeIgniter\View\View->render('admin/tugas_pet...', Array, true)
#4 C:\xampp\htdocs\project-uas-semester-4\app\Controllers\Admin.php(50): view('admin/tugas_pet...', Array)
#5 C:\xampp\htdocs\project-uas-semester-4\system\CodeIgniter.php(832): App\Controllers\Admin->tugas_admin()
#6 C:\xampp\htdocs\project-uas-semester-4\system\CodeIgniter.php(419): CodeIgniter\CodeIgniter->runController(Object(App\Controllers\Admin))
#7 C:\xampp\htdocs\project-uas-semester-4\system\CodeIgniter.php(326): CodeIgniter\CodeIgniter->handleRequest(NULL, Object(Config\Cache), false)
#8 C:\xampp\htdocs\project-uas-semester-4\public\index.php(37): CodeIgniter\CodeIgniter->run()
#9 {main}
CRITICAL - 2022-06-16 02:45:24 --> Undefined variable: history_jb_petugas
#0 C:\xampp\htdocs\project-uas-semester-4\app\Views\admin\tugas_petugas.php(194): CodeIgniter\Debug\Exceptions->errorHandler(8, 'Undefined varia...', 'C:\\xampp\\htdocs...', 194, Array)
#1 C:\xampp\htdocs\project-uas-semester-4\system\View\View.php(210): include('C:\\xampp\\htdocs...')
#2 C:\xampp\htdocs\project-uas-semester-4\system\View\View.php(213): CodeIgniter\View\View->CodeIgniter\View\{closure}()
#3 C:\xampp\htdocs\project-uas-semester-4\system\Common.php(1089): CodeIgniter\View\View->render('admin/tugas_pet...', Array, true)
#4 C:\xampp\htdocs\project-uas-semester-4\app\Controllers\Admin.php(50): view('admin/tugas_pet...', Array)
#5 C:\xampp\htdocs\project-uas-semester-4\system\CodeIgniter.php(832): App\Controllers\Admin->tugas_admin()
#6 C:\xampp\htdocs\project-uas-semester-4\system\CodeIgniter.php(419): CodeIgniter\CodeIgniter->runController(Object(App\Controllers\Admin))
#7 C:\xampp\htdocs\project-uas-semester-4\system\CodeIgniter.php(326): CodeIgniter\CodeIgniter->handleRequest(NULL, Object(Config\Cache), false)
#8 C:\xampp\htdocs\project-uas-semester-4\public\index.php(37): CodeIgniter\CodeIgniter->run()
#9 {main}
CRITICAL - 2022-06-16 02:45:51 --> Undefined variable: history_jb_petugas
#0 C:\xampp\htdocs\project-uas-semester-4\app\Views\admin\tugas_petugas.php(194): CodeIgniter\Debug\Exceptions->errorHandler(8, 'Undefined varia...', 'C:\\xampp\\htdocs...', 194, Array)
#1 C:\xampp\htdocs\project-uas-semester-4\system\View\View.php(210): include('C:\\xampp\\htdocs...')
#2 C:\xampp\htdocs\project-uas-semester-4\system\View\View.php(213): CodeIgniter\View\View->CodeIgniter\View\{closure}()
#3 C:\xampp\htdocs\project-uas-semester-4\system\Common.php(1089): CodeIgniter\View\View->render('admin/tugas_pet...', Array, true)
#4 C:\xampp\htdocs\project-uas-semester-4\app\Controllers\Admin.php(50): view('admin/tugas_pet...', Array)
#5 C:\xampp\htdocs\project-uas-semester-4\system\CodeIgniter.php(832): App\Controllers\Admin->tugas_admin()
#6 C:\xampp\htdocs\project-uas-semester-4\system\CodeIgniter.php(419): CodeIgniter\CodeIgniter->runController(Object(App\Controllers\Admin))
#7 C:\xampp\htdocs\project-uas-semester-4\system\CodeIgniter.php(326): CodeIgniter\CodeIgniter->handleRequest(NULL, Object(Config\Cache), false)
#8 C:\xampp\htdocs\project-uas-semester-4\public\index.php(37): CodeIgniter\CodeIgniter->run()
#9 {main}
CRITICAL - 2022-06-16 02:54:12 --> Undefined variable: total_keseluruhan
#0 C:\xampp\htdocs\project-uas-semester-4\app\Views\admin\tugas_admin.php(141): CodeIgniter\Debug\Exceptions->errorHandler(8, 'Undefined varia...', 'C:\\xampp\\htdocs...', 141, Array)
#1 C:\xampp\htdocs\project-uas-semester-4\system\View\View.php(210): include('C:\\xampp\\htdocs...')
#2 C:\xampp\htdocs\project-uas-semester-4\system\View\View.php(213): CodeIgniter\View\View->CodeIgniter\View\{closure}()
#3 C:\xampp\htdocs\project-uas-semester-4\system\Common.php(1089): CodeIgniter\View\View->render('admin/tugas_adm...', Array, true)
#4 C:\xampp\htdocs\project-uas-semester-4\app\Controllers\Admin.php(82): view('admin/tugas_adm...', Array)
#5 C:\xampp\htdocs\project-uas-semester-4\system\CodeIgniter.php(832): App\Controllers\Admin->list_user()
#6 C:\xampp\htdocs\project-uas-semester-4\system\CodeIgniter.php(419): CodeIgniter\CodeIgniter->runController(Object(App\Controllers\Admin))
#7 C:\xampp\htdocs\project-uas-semester-4\system\CodeIgniter.php(326): CodeIgniter\CodeIgniter->handleRequest(NULL, Object(Config\Cache), false)
#8 C:\xampp\htdocs\project-uas-semester-4\public\index.php(37): CodeIgniter\CodeIgniter->run()
#9 {main}
CRITICAL - 2022-06-16 02:54:17 --> Undefined variable: total_keseluruhan
#0 C:\xampp\htdocs\project-uas-semester-4\app\Views\admin\tugas_admin.php(141): CodeIgniter\Debug\Exceptions->errorHandler(8, 'Undefined varia...', 'C:\\xampp\\htdocs...', 141, Array)
#1 C:\xampp\htdocs\project-uas-semester-4\system\View\View.php(210): include('C:\\xampp\\htdocs...')
#2 C:\xampp\htdocs\project-uas-semester-4\system\View\View.php(213): CodeIgniter\View\View->CodeIgniter\View\{closure}()
#3 C:\xampp\htdocs\project-uas-semester-4\system\Common.php(1089): CodeIgniter\View\View->render('admin/tugas_adm...', Array, true)
#4 C:\xampp\htdocs\project-uas-semester-4\app\Controllers\Admin.php(82): view('admin/tugas_adm...', Array)
#5 C:\xampp\htdocs\project-uas-semester-4\system\CodeIgniter.php(832): App\Controllers\Admin->list_user()
#6 C:\xampp\htdocs\project-uas-semester-4\system\CodeIgniter.php(419): CodeIgniter\CodeIgniter->runController(Object(App\Controllers\Admin))
#7 C:\xampp\htdocs\project-uas-semester-4\system\CodeIgniter.php(326): CodeIgniter\CodeIgniter->handleRequest(NULL, Object(Config\Cache), false)
#8 C:\xampp\htdocs\project-uas-semester-4\public\index.php(37): CodeIgniter\CodeIgniter->run()
#9 {main}
CRITICAL - 2022-06-16 02:56:07 --> Undefined variable: total_keseluruhan
#0 C:\xampp\htdocs\project-uas-semester-4\app\Views\admin\tugas_admin.php(141): CodeIgniter\Debug\Exceptions->errorHandler(8, 'Undefined varia...', 'C:\\xampp\\htdocs...', 141, Array)
#1 C:\xampp\htdocs\project-uas-semester-4\system\View\View.php(210): include('C:\\xampp\\htdocs...')
#2 C:\xampp\htdocs\project-uas-semester-4\system\View\View.php(213): CodeIgniter\View\View->CodeIgniter\View\{closure}()
#3 C:\xampp\htdocs\project-uas-semester-4\system\Common.php(1089): CodeIgniter\View\View->render('admin/tugas_adm...', Array, true)
#4 C:\xampp\htdocs\project-uas-semester-4\app\Controllers\Admin.php(82): view('admin/tugas_adm...', Array)
#5 C:\xampp\htdocs\project-uas-semester-4\system\CodeIgniter.php(832): App\Controllers\Admin->list_user()
#6 C:\xampp\htdocs\project-uas-semester-4\system\CodeIgniter.php(419): CodeIgniter\CodeIgniter->runController(Object(App\Controllers\Admin))
#7 C:\xampp\htdocs\project-uas-semester-4\system\CodeIgniter.php(326): CodeIgniter\CodeIgniter->handleRequest(NULL, Object(Config\Cache), false)
#8 C:\xampp\htdocs\project-uas-semester-4\public\index.php(37): CodeIgniter\CodeIgniter->run()
#9 {main}
CRITICAL - 2022-06-16 03:13:47 --> Undefined variable: history_jb_admin
#0 C:\xampp\htdocs\project-uas-semester-4\app\Views\admin\tugas_petugas.php(204): CodeIgniter\Debug\Exceptions->errorHandler(8, 'Undefined varia...', 'C:\\xampp\\htdocs...', 204, Array)
#1 C:\xampp\htdocs\project-uas-semester-4\system\View\View.php(210): include('C:\\xampp\\htdocs...')
#2 C:\xampp\htdocs\project-uas-semester-4\system\View\View.php(213): CodeIgniter\View\View->CodeIgniter\View\{closure}()
#3 C:\xampp\htdocs\project-uas-semester-4\system\Common.php(1089): CodeIgniter\View\View->render('admin/tugas_pet...', Array, true)
#4 C:\xampp\htdocs\project-uas-semester-4\app\Controllers\Admin.php(73): view('admin/tugas_pet...', Array)
#5 C:\xampp\htdocs\project-uas-semester-4\system\CodeIgniter.php(832): App\Controllers\Admin->tugas()
#6 C:\xampp\htdocs\project-uas-semester-4\system\CodeIgniter.php(419): CodeIgniter\CodeIgniter->runController(Object(App\Controllers\Admin))
#7 C:\xampp\htdocs\project-uas-semester-4\system\CodeIgniter.php(326): CodeIgniter\CodeIgniter->handleRequest(NULL, Object(Config\Cache), false)
#8 C:\xampp\htdocs\project-uas-semester-4\public\index.php(37): CodeIgniter\CodeIgniter->run()
#9 {main}
CRITICAL - 2022-06-16 03:13:53 --> Undefined variable: history_jb_admin
#0 C:\xampp\htdocs\project-uas-semester-4\app\Views\admin\tugas_petugas.php(204): CodeIgniter\Debug\Exceptions->errorHandler(8, 'Undefined varia...', 'C:\\xampp\\htdocs...', 204, Array)
#1 C:\xampp\htdocs\project-uas-semester-4\system\View\View.php(210): include('C:\\xampp\\htdocs...')
#2 C:\xampp\htdocs\project-uas-semester-4\system\View\View.php(213): CodeIgniter\View\View->CodeIgniter\View\{closure}()
#3 C:\xampp\htdocs\project-uas-semester-4\system\Common.php(1089): CodeIgniter\View\View->render('admin/tugas_pet...', Array, true)
#4 C:\xampp\htdocs\project-uas-semester-4\app\Controllers\Admin.php(73): view('admin/tugas_pet...', Array)
#5 C:\xampp\htdocs\project-uas-semester-4\system\CodeIgniter.php(832): App\Controllers\Admin->tugas()
#6 C:\xampp\htdocs\project-uas-semester-4\system\CodeIgniter.php(419): CodeIgniter\CodeIgniter->runController(Object(App\Controllers\Admin))
#7 C:\xampp\htdocs\project-uas-semester-4\system\CodeIgniter.php(326): CodeIgniter\CodeIgniter->handleRequest(NULL, Object(Config\Cache), false)
#8 C:\xampp\htdocs\project-uas-semester-4\public\index.php(37): CodeIgniter\CodeIgniter->run()
#9 {main}
CRITICAL - 2022-06-16 03:47:40 --> Undefined variable: history_jb_petugas
#0 C:\xampp\htdocs\project-uas-semester-4\app\Views\admin\tugas_petugas.php(198): CodeIgniter\Debug\Exceptions->errorHandler(8, 'Undefined varia...', 'C:\\xampp\\htdocs...', 198, Array)
#1 C:\xampp\htdocs\project-uas-semester-4\system\View\View.php(210): include('C:\\xampp\\htdocs...')
#2 C:\xampp\htdocs\project-uas-semester-4\system\View\View.php(213): CodeIgniter\View\View->CodeIgniter\View\{closure}()
#3 C:\xampp\htdocs\project-uas-semester-4\system\Common.php(1089): CodeIgniter\View\View->render('admin/tugas_pet...', Array, true)
#4 C:\xampp\htdocs\project-uas-semester-4\app\Controllers\Admin.php(67): view('admin/tugas_pet...', Array)
#5 C:\xampp\htdocs\project-uas-semester-4\system\CodeIgniter.php(832): App\Controllers\Admin->tugas()
#6 C:\xampp\htdocs\project-uas-semester-4\system\CodeIgniter.php(419): CodeIgniter\CodeIgniter->runController(Object(App\Controllers\Admin))
#7 C:\xampp\htdocs\project-uas-semester-4\system\CodeIgniter.php(326): CodeIgniter\CodeIgniter->handleRequest(NULL, Object(Config\Cache), false)
#8 C:\xampp\htdocs\project-uas-semester-4\public\index.php(37): CodeIgniter\CodeIgniter->run()
#9 {main}
CRITICAL - 2022-06-16 21:33:34 --> Undefined variable: total_open
#0 C:\xampp\htdocs\project-uas-semester-4\app\Views\admin\tugas_petugas.php(145): CodeIgniter\Debug\Exceptions->errorHandler(8, 'Undefined varia...', 'C:\\xampp\\htdocs...', 145, Array)
#1 C:\xampp\htdocs\project-uas-semester-4\system\View\View.php(210): include('C:\\xampp\\htdocs...')
#2 C:\xampp\htdocs\project-uas-semester-4\system\View\View.php(213): CodeIgniter\View\View->CodeIgniter\View\{closure}()
#3 C:\xampp\htdocs\project-uas-semester-4\system\Common.php(1089): CodeIgniter\View\View->render('admin/tugas_pet...', Array, true)
#4 C:\xampp\htdocs\project-uas-semester-4\app\Controllers\Admin.php(68): view('admin/tugas_pet...', Array)
#5 C:\xampp\htdocs\project-uas-semester-4\system\CodeIgniter.php(832): App\Controllers\Admin->tugas()
#6 C:\xampp\htdocs\project-uas-semester-4\system\CodeIgniter.php(419): CodeIgniter\CodeIgniter->runController(Object(App\Controllers\Admin))
#7 C:\xampp\htdocs\project-uas-semester-4\system\CodeIgniter.php(326): CodeIgniter\CodeIgniter->handleRequest(NULL, Object(Config\Cache), false)
#8 C:\xampp\htdocs\project-uas-semester-4\public\index.php(37): CodeIgniter\CodeIgniter->run()
#9 {main}
CRITICAL - 2022-06-16 21:33:38 --> Undefined variable: total_open
#0 C:\xampp\htdocs\project-uas-semester-4\app\Views\admin\tugas_petugas.php(145): CodeIgniter\Debug\Exceptions->errorHandler(8, 'Undefined varia...', 'C:\\xampp\\htdocs...', 145, Array)
#1 C:\xampp\htdocs\project-uas-semester-4\system\View\View.php(210): include('C:\\xampp\\htdocs...')
#2 C:\xampp\htdocs\project-uas-semester-4\system\View\View.php(213): CodeIgniter\View\View->CodeIgniter\View\{closure}()
#3 C:\xampp\htdocs\project-uas-semester-4\system\Common.php(1089): CodeIgniter\View\View->render('admin/tugas_pet...', Array, true)
#4 C:\xampp\htdocs\project-uas-semester-4\app\Controllers\Admin.php(68): view('admin/tugas_pet...', Array)
#5 C:\xampp\htdocs\project-uas-semester-4\system\CodeIgniter.php(832): App\Controllers\Admin->tugas()
#6 C:\xampp\htdocs\project-uas-semester-4\system\CodeIgniter.php(419): CodeIgniter\CodeIgniter->runController(Object(App\Controllers\Admin))
#7 C:\xampp\htdocs\project-uas-semester-4\system\CodeIgniter.php(326): CodeIgniter\CodeIgniter->handleRequest(NULL, Object(Config\Cache), false)
#8 C:\xampp\htdocs\project-uas-semester-4\public\index.php(37): CodeIgniter\CodeIgniter->run()
#9 {main}
CRITICAL - 2022-06-16 21:36:29 --> Undefined variable: newName
#0 C:\xampp\htdocs\project-uas-semester-4\app\Controllers\Admin.php(137): CodeIgniter\Debug\Exceptions->errorHandler(8, 'Undefined varia...', 'C:\\xampp\\htdocs...', 137, Array)
#1 C:\xampp\htdocs\project-uas-semester-4\system\CodeIgniter.php(832): App\Controllers\Admin->proses_jb()
#2 C:\xampp\htdocs\project-uas-semester-4\system\CodeIgniter.php(419): CodeIgniter\CodeIgniter->runController(Object(App\Controllers\Admin))
#3 C:\xampp\htdocs\project-uas-semester-4\system\CodeIgniter.php(326): CodeIgniter\CodeIgniter->handleRequest(NULL, Object(Config\Cache), false)
#4 C:\xampp\htdocs\project-uas-semester-4\public\index.php(37): CodeIgniter\CodeIgniter->run()
#5 {main}
